<?xml version="1.0" encoding="UTF-8"?>
<!-- Generated by org.testng.reporters.JUnitXMLReporter -->
<testsuite hostname="INPF18PMQP" ignored="0" name="Test POM" tests="2" failures="1" timestamp="12 Jun 2019 11:58:45 GMT" time="57.532" errors="0">
  <testcase name="validateloginpagetitleTest" time="0.072" classname="com.zohocrm.qa.testcases.LoginPageTest">
    <failure type="java.lang.AssertionError" message="expected [Sales CRM | Customer Relationship Management Software - Zoho CRM] but found [Sales CRM System | Best CRM Software for SMBs - Zoho CRM India]">
      <![CDATA[java.lang.AssertionError: expected [Sales CRM | Customer Relationship Management Software - Zoho CRM] but found [Sales CRM System | Best CRM Software for SMBs - Zoho CRM India]
at com.zohocrm.qa.testcases.LoginPageTest.validateloginpagetitleTest(LoginPageTest.java:35)
... Removed 31 stack frames]]>
    </failure>
  </testcase> <!-- validateloginpagetitleTest -->
  <testcase name="LoginTest" time="15.49" classname="com.zohocrm.qa.testcases.LoginPageTest"/>
</testsuite> <!-- Test POM -->
