<?xml version="1.0" encoding="UTF-8"?>
<testng-results skipped="0" failed="0" ignored="0" total="1" passed="1">
  <reporter-output>
  </reporter-output>
  <suite name="Default suite" duration-ms="106729" started-at="2019-07-10T15:46:25Z" finished-at="2019-07-10T15:48:12Z">
    <groups>
    </groups>
    <test name="Default test" duration-ms="106729" started-at="2019-07-10T15:46:25Z" finished-at="2019-07-10T15:48:12Z">
      <class name="list_Concepts1.windowtab">
        <test-method status="PASS" signature="dynamictab()[pri:0, instance:list_Concepts1.windowtab@604ed9f0]" name="dynamictab" duration-ms="106664" started-at="2019-07-10T15:46:25Z" finished-at="2019-07-10T15:48:12Z">
          <reporter-output>
          </reporter-output>
        </test-method> <!-- dynamictab -->
      </class> <!-- list_Concepts1.windowtab -->
    </test> <!-- Default test -->
  </suite> <!-- Default suite -->
</testng-results>
