<?xml version="1.0" encoding="UTF-8"?>
<!-- Generated by org.testng.reporters.JUnitXMLReporter -->
<testsuite hostname="INPF18PMQP" ignored="0" name="POM Test" tests="3" failures="1" timestamp="07 May 2019 10:57:34 GMT" time="82.088" errors="0">
  <testcase name="testngparameter" time="14.962" classname="com.zohocrm.qa.testcases.Parameterstest"/>
  <testcase name="validateloginpagetitleTest" time="0.188" classname="com.zohocrm.qa.testcases.LoginPageTest">
    <failure type="java.lang.AssertionError" message="expected [Sales CRM | Customer Relationship Management Software - Zoho CRM] but found [Sales CRM System | Free CRM Software in India - Zoho CRM]">
      <![CDATA[java.lang.AssertionError: expected [Sales CRM | Customer Relationship Management Software - Zoho CRM] but found [Sales CRM System | Free CRM Software in India - Zoho CRM]
at com.zohocrm.qa.testcases.LoginPageTest.validateloginpagetitleTest(LoginPageTest.java:34)
... Removed 31 stack frames]]>
    </failure>
  </testcase> <!-- validateloginpagetitleTest -->
  <testcase name="LoginTest" time="14.3" classname="com.zohocrm.qa.testcases.LoginPageTest"/>
</testsuite> <!-- POM Test -->
